<?xml version="1.0" encoding="UTF-8"?>
<!-- Generated by org.testng.reporters.JUnitReportReporter -->
<testsuite hostname="DESKTOP-SLNL44K" failures="0" tests="1" name="Java.PS1" time="0.015" errors="0" timestamp="2024-08-09T17:49:36 IST" skipped="0">
  <testcase classname="Java.PS1" name="testRun" time="0.015"/>
  <system-out/>
</testsuite> <!-- Java.PS1 -->
